<?xml version="1.0" encoding="UTF-8"?>
<testng-results skipped="0" failed="0" ignored="0" total="1" passed="1">
  <reporter-output>
  </reporter-output>
  <suite name="Default suite" duration-ms="30083" started-at="2023-08-15T18:34:09 IST" finished-at="2023-08-15T18:34:39 IST">
    <groups>
    </groups>
    <test name="Default test" duration-ms="30083" started-at="2023-08-15T18:34:09 IST" finished-at="2023-08-15T18:34:39 IST">
      <class name="autoit.a1">
        <test-method status="PASS" signature="t1()[pri:0, instance:autoit.a1@704a52ec]" name="t1" duration-ms="30027" started-at="2023-08-15T18:34:09 IST" finished-at="2023-08-15T18:34:39 IST">
          <reporter-output>
          </reporter-output>
        </test-method> <!-- t1 -->
      </class> <!-- autoit.a1 -->
    </test> <!-- Default test -->
  </suite> <!-- Default suite -->
</testng-results>
